#=============================================================================#
#            dieharder version 3.31.1 Copyright 2003 Robert G. Brown          #
#=============================================================================#
   rng_name    |           filename             |rands/second|
 file_input_raw|                          testb3|  8.58e+06  |
#=============================================================================#
        test_name   |ntup| tsamples |psamples|  p-value |Assessment
#=============================================================================#
   diehard_birthdays|   0|       100|     100|0.21251499|  PASSED  
      diehard_operm5|   0|   1000000|     100|0.45083285|  PASSED  
  diehard_rank_32x32|   0|     40000|     100|0.42744443|  PASSED  
    diehard_rank_6x8|   0|    100000|     100|0.78511283|  PASSED  
   diehard_bitstream|   0|   2097152|     100|0.99961634|   WEAK   
        diehard_opso|   0|   2097152|     100|0.76323279|  PASSED  
        diehard_oqso|   0|   2097152|     100|0.93017498|  PASSED  
         diehard_dna|   0|   2097152|     100|0.26690982|  PASSED  
diehard_count_1s_str|   0|    256000|     100|0.15714450|  PASSED  
diehard_count_1s_byt|   0|    256000|     100|0.53096515|  PASSED  
 diehard_parking_lot|   0|     12000|     100|0.08570837|  PASSED  
    diehard_2dsphere|   2|      8000|     100|0.21467513|  PASSED  
    diehard_3dsphere|   3|      4000|     100|0.73682459|  PASSED  
     diehard_squeeze|   0|    100000|     100|0.91938334|  PASSED  
        diehard_sums|   0|       100|     100|0.00114995|   WEAK   
        diehard_runs|   0|    100000|     100|0.99268239|  PASSED  
        diehard_runs|   0|    100000|     100|0.99440735|  PASSED  
       diehard_craps|   0|    200000|     100|0.73791804|  PASSED  
       diehard_craps|   0|    200000|     100|0.74452886|  PASSED  
 marsaglia_tsang_gcd|   0|  10000000|     100|0.10441018|  PASSED  
 marsaglia_tsang_gcd|   0|  10000000|     100|0.71888695|  PASSED  
         sts_monobit|   1|    100000|     100|0.91564915|  PASSED  
            sts_runs|   2|    100000|     100|0.98175195|  PASSED  
          sts_serial|   1|    100000|     100|0.47297082|  PASSED  
          sts_serial|   2|    100000|     100|0.38766796|  PASSED  
          sts_serial|   3|    100000|     100|0.09466812|  PASSED  
          sts_serial|   3|    100000|     100|0.16309571|  PASSED  
          sts_serial|   4|    100000|     100|0.20565255|  PASSED  
          sts_serial|   4|    100000|     100|0.50978218|  PASSED  
          sts_serial|   5|    100000|     100|0.01662773|  PASSED  
          sts_serial|   5|    100000|     100|0.58138618|  PASSED  
          sts_serial|   6|    100000|     100|0.69332216|  PASSED  
          sts_serial|   6|    100000|     100|0.93892602|  PASSED  
          sts_serial|   7|    100000|     100|0.56325749|  PASSED  
          sts_serial|   7|    100000|     100|0.55406368|  PASSED  
          sts_serial|   8|    100000|     100|0.63316882|  PASSED  
          sts_serial|   8|    100000|     100|0.62283215|  PASSED  
          sts_serial|   9|    100000|     100|0.92191880|  PASSED  
          sts_serial|   9|    100000|     100|0.63004572|  PASSED  
          sts_serial|  10|    100000|     100|0.81388385|  PASSED  
          sts_serial|  10|    100000|     100|0.71792417|  PASSED  
          sts_serial|  11|    100000|     100|0.69103841|  PASSED  
          sts_serial|  11|    100000|     100|0.75663703|  PASSED  
          sts_serial|  12|    100000|     100|0.07200149|  PASSED  
          sts_serial|  12|    100000|     100|0.59667033|  PASSED  
          sts_serial|  13|    100000|     100|0.77335845|  PASSED  
          sts_serial|  13|    100000|     100|0.89164140|  PASSED  
          sts_serial|  14|    100000|     100|0.94509848|  PASSED  
          sts_serial|  14|    100000|     100|0.41200936|  PASSED  
          sts_serial|  15|    100000|     100|0.98469241|  PASSED  
          sts_serial|  15|    100000|     100|0.96183225|  PASSED  
          sts_serial|  16|    100000|     100|0.91387170|  PASSED  
          sts_serial|  16|    100000|     100|0.97443498|  PASSED  
         rgb_bitdist|   1|    100000|     100|0.67686914|  PASSED  
         rgb_bitdist|   2|    100000|     100|0.41610572|  PASSED  
         rgb_bitdist|   3|    100000|     100|0.61209605|  PASSED  
         rgb_bitdist|   4|    100000|     100|0.86196734|  PASSED  
         rgb_bitdist|   5|    100000|     100|0.84164779|  PASSED  
         rgb_bitdist|   6|    100000|     100|0.22621635|  PASSED  
         rgb_bitdist|   7|    100000|     100|0.43363202|  PASSED  
         rgb_bitdist|   8|    100000|     100|0.99908081|   WEAK   
         rgb_bitdist|   9|    100000|     100|0.96835012|  PASSED  
         rgb_bitdist|  10|    100000|     100|0.99288458|  PASSED  
         rgb_bitdist|  11|    100000|     100|0.56015353|  PASSED  
         rgb_bitdist|  12|    100000|     100|0.74133579|  PASSED  
rgb_minimum_distance|   2|     10000|    1000|0.22085847|  PASSED  
rgb_minimum_distance|   3|     10000|    1000|0.99494763|  PASSED  
rgb_minimum_distance|   4|     10000|    1000|0.63673364|  PASSED  
rgb_minimum_distance|   5|     10000|    1000|0.67851346|  PASSED  
    rgb_permutations|   2|    100000|     100|0.99453329|  PASSED  
    rgb_permutations|   3|    100000|     100|0.74792352|  PASSED  
    rgb_permutations|   4|    100000|     100|0.47631420|  PASSED  
    rgb_permutations|   5|    100000|     100|0.25161531|  PASSED  
      rgb_lagged_sum|   0|   1000000|     100|0.69225182|  PASSED  
      rgb_lagged_sum|   1|   1000000|     100|0.79963336|  PASSED  
      rgb_lagged_sum|   2|   1000000|     100|0.17994867|  PASSED  
      rgb_lagged_sum|   3|   1000000|     100|0.40599671|  PASSED  
      rgb_lagged_sum|   4|   1000000|     100|0.71717830|  PASSED  
      rgb_lagged_sum|   5|   1000000|     100|0.95884086|  PASSED  
      rgb_lagged_sum|   6|   1000000|     100|0.55637261|  PASSED  
      rgb_lagged_sum|   7|   1000000|     100|0.46520206|  PASSED  
      rgb_lagged_sum|   8|   1000000|     100|0.15944971|  PASSED  
      rgb_lagged_sum|   9|   1000000|     100|0.18607728|  PASSED  
      rgb_lagged_sum|  10|   1000000|     100|0.40292866|  PASSED  
      rgb_lagged_sum|  11|   1000000|     100|0.52224423|  PASSED  
      rgb_lagged_sum|  12|   1000000|     100|0.73630648|  PASSED  
      rgb_lagged_sum|  13|   1000000|     100|0.68076078|  PASSED  
      rgb_lagged_sum|  14|   1000000|     100|0.22323988|  PASSED  
      rgb_lagged_sum|  15|   1000000|     100|0.85290575|  PASSED  
      rgb_lagged_sum|  16|   1000000|     100|0.12321171|  PASSED  
      rgb_lagged_sum|  17|   1000000|     100|0.79137242|  PASSED  
      rgb_lagged_sum|  18|   1000000|     100|0.49443445|  PASSED  
      rgb_lagged_sum|  19|   1000000|     100|0.16117705|  PASSED  
      rgb_lagged_sum|  20|   1000000|     100|0.33651732|  PASSED  
      rgb_lagged_sum|  21|   1000000|     100|0.28787568|  PASSED  
      rgb_lagged_sum|  22|   1000000|     100|0.75150057|  PASSED  
      rgb_lagged_sum|  23|   1000000|     100|0.64139082|  PASSED  
      rgb_lagged_sum|  24|   1000000|     100|0.22703937|  PASSED  
      rgb_lagged_sum|  25|   1000000|     100|0.68816368|  PASSED  
      rgb_lagged_sum|  26|   1000000|     100|0.86495398|  PASSED  
      rgb_lagged_sum|  27|   1000000|     100|0.65453312|  PASSED  
      rgb_lagged_sum|  28|   1000000|     100|0.93225180|  PASSED  
      rgb_lagged_sum|  29|   1000000|     100|0.31282165|  PASSED  
      rgb_lagged_sum|  30|   1000000|     100|0.18791960|  PASSED  
      rgb_lagged_sum|  31|   1000000|     100|0.62889343|  PASSED  
      rgb_lagged_sum|  32|   1000000|     100|0.51810355|  PASSED  
     rgb_kstest_test|   0|     10000|    1000|0.47234624|  PASSED  
     dab_bytedistrib|   0|  51200000|       1|0.23130945|  PASSED  
             dab_dct| 256|     50000|       1|0.55417937|  PASSED  
Preparing to run test 207.  ntuple = 0
        dab_filltree|  32|  15000000|       1|0.24299124|  PASSED  
        dab_filltree|  32|  15000000|       1|0.29331624|  PASSED  
Preparing to run test 208.  ntuple = 0
       dab_filltree2|   0|   5000000|       1|0.04071525|  PASSED  
       dab_filltree2|   1|   5000000|       1|0.17899796|  PASSED  
Preparing to run test 209.  ntuple = 0
        dab_monobit2|  12|  65000000|       1|0.24586989|  PASSED  
